********************************LISTAR********************************
1 - MOUSE GAME
2 - GEMS251215, MEMORIA RA
3 - FONTE  600, FONTE 600W
3 - GEOFORCE G
3 - MEMORIA RA, MOMU301217
2 - PROCESSADO
3 - PLACA-MAE 
3 - TECLADO GA
********************************ARQUIVO*******************************
GEOFORCE GTX 1080 TI@MSI@23/09/2018@17@8752.82@010@PLACA DE VIDEO|HARDWARE|GAMER@###############################################################################################################MOUSE GAMER 12000DPI@LOGITECH@30/12/2017@17@249.29@020@MOUSE|GAMER|PERIFERICO@##################################################################################################################TECLADO GAMER SEMI MECaNICO ABNT2@WARRIOR@09/01/2018@16@177.53@003@TECLADO|GAMER|PERIFERICO@####################################################################################################PROCESSADOR INTEL CORE I5-8400 8GE@INTEL@08/09/2017@18@1208.78@000@PROCESSADOR|HARDWARE|GAMER@##################################################################################################FONTE  600W 80 PLUS@CORSAIR@17/09/2016@12@376.35@020@FONTE|HARDWARE@############################################################################################################################MEMORIA RAM 8GB 2400MHZ DDR4@CRUCIAL@25/12/2017@16@341.06@010@MEMORIA|RAM|HARDWARE@#############################################################################################################MEMORIA RAM 8GB 2400MHZ DDR4@KINGSTON HYPERX@09/07/2018@16@611.65@005@MEMORIA|RAM|HARDWARE@#####################################################################################################FONTE 600W 80 PLUS@EVGA@28/02/2015@14@339.88@013@FONTE|HARDWARE@################################################################################################################################PLACA-MAE PARA INTEL LGA 1151 MATX@ASUS@08/11/2018@17@470.47@010@PLACA MAE|HARDWARE@############################################################################################################GEMS251215@GEOFORCE GTX 1050 TI@MSI@25/12/2018@15@752.82@010@PLACA DE VIDEO|HARDWARE|GAMER@#####################################################################################################MOMU301217@MOUSE COM FIO SIMPLES PRETO@MULTLASER@30/12/2017@17@249.29@020@MOUSE|GAMER|PERIFERICO@###############################################################################################TEWA150416@TECLADO GAMER MECANICO ABNT2@WARRIOR@15/04/2018@16@1177.53@000@TECLADO|GAMER|PERIFERICO@#############################################################################################ININ180918@INTEL CORE I7-8400 8GE@INTEL@18/09/2018@18@2208.78@010@PROCESSADOR|HARDWARE|GAMER@###################################################################################################RACR291116@RAM 16GB 2400MHZ DDR4@CRUCIAL@29/11/2017@16@641.06@010@MEMORIA|RAM|HARDWARE@#########################################################################################################
***************************INDICE PRIMÁRIO****************************
002FONTE  6000004FONTE 600W0007##############F************
003RACR2911160013TECLADO GA0002TEWA1504160011F************
002GEMS2512150009MEMORIA RA0005##############N000004003***
002MEMORIA RA0006MOMU3012170010##############F************
002GEOFORCE G0000ININ1809180012##############F************
001PLACA-MAE 0008############################F************
001PROCESSADO0003############################N005001******
001MOUSE GAME0001############################N002006******
***************************INDICE SECUNDÁRIO**************************
002PROCESSADO08/09/2017$INTEL#####################################################################################PLACA-MAE 08/11/2018$ASUS######################################################################################F*********
001MEMORIA RA25/12/2017$CRUCIAL##################################################################################################################################################################################################F*********
001TECLADO GA09/01/2018$WARRIOR##################################################################################################################################################################################################N000003***
002MEMORIA RA09/07/2018$KINGSTON HYPERX###########################################################################FONTE  60017/09/2016$CORSAIR###################################################################################F*********
001MOUSE GAME30/12/2017$LOGITECH#################################################################################################################################################################################################F*********
001FONTE 600W28/02/2015$EVGA#####################################################################################################################################################################################################N001004***
002GEOFORCE G23/09/2018$MSI#######################################################################################RACR291116CRUCIAL$RAM 16GB 2400MHZ DDR4########################################################################N002005009
002MOMU301217MULTLASER$MOUSE COM FIO SIMPLES PRETO################################################################TEWA150416WARRIOR$TECLADO GAMER MECANICO ABNT2#################################################################F*********
001ININ180918INTEL$INTEL CORE I7-8400 8GE########################################################################################################################################################################################F*********
001GEMS251215MSI$GEOFORCE GTX 1050 TI############################################################################################################################################################################################N008007***
********************************BUSCAR********************************
Busca por TEWA090116. Nos percorridos:
MOUSE GAME
PROCESSADO
RACR291116, TECLADO GA, TEWA150416

Registro(s) nao encontrado!
********************************LISTAR********************************
1 - MOUSE GAME
2 - GEMS251215, MEMORIA RA
3 - FONTE  600, FONTE 600W, GEMS230917
3 - GEOFORCE G, ININ180918
3 - MEMORIA RA, MOMU301217
2 - PROCESSADO
3 - PLACA-MAE , PLGI280917
3 - RACR291116, TECLADO GA, TEWA150416
********************************BUSCAR********************************
Busca por CRUCIAL$MEMORIA RAM 8GB 2400MHZ DDR4.
Nos percorridos:
23/09/2018$MSI, CRUCIAL$RAM 16GB 2400MHZ DDR4
28/02/2015$EVGA
30/12/2017$LOGITECH

Registro(s) nao encontrado!
***************************INDICE SECUNDÁRIO**************************
002PROCESSADO08/09/2017$INTEL#####################################################################################PLACA-MAE 08/11/2018$ASUS######################################################################################F*********
001MEMORIA RA25/12/2017$CRUCIAL##################################################################################################################################################################################################F*********
001TECLADO GA09/01/2018$WARRIOR##################################################################################################################################################################################################N000003***
002MEMORIA RA09/07/2018$KINGSTON HYPERX###########################################################################FONTE  60017/09/2016$CORSAIR###################################################################################F*********
001MOUSE GAME30/12/2017$LOGITECH#################################################################################################################################################################################################F*********
001FONTE 600W28/02/2015$EVGA#####################################################################################################################################################################################################N001004***
002GEOFORCE G23/09/2018$MSI#######################################################################################RACR291116CRUCIAL$RAM 16GB 2400MHZ DDR4########################################################################N002005009
001GEMS230917MSI$GEOFORCE GTX 1080 TI############################################################################################################################################################################################F*********
002PLGI280917GIGABYTE$PLACA-MAE PARA INTEL LGA 1151 MATX##########################################################ININ180918INTEL$INTEL CORE I7-8400 8GE#########################################################################F*********
002GEMS251215MSI$GEOFORCE GTX 1050 TI#############################################################################MOMU301217MULTLASER$MOUSE COM FIO SIMPLES PRETO################################################################N008007010
001TEWA150416WARRIOR$TECLADO GAMER MECANICO ABNT2################################################################################################################################################################################F*********
